{"level":"info","message":" Server running on port 5000 in development mode","timestamp":"2026-04-14T17:12:32.135Z"}
{"level":"info","message":" MongoDB Connected","timestamp":"2026-04-14T17:12:34.227Z"}
{"level":"info","message":"GET /favicon.ico","timestamp":"2026-04-14T17:13:13.036Z"}
{"level":"info","message":"GET /api/products","timestamp":"2026-04-14T17:13:15.148Z"}
{"level":"info","message":"GET /api/shops","timestamp":"2026-04-14T17:13:15.201Z"}
{"level":"info","message":"GET /api/shops","timestamp":"2026-04-14T17:13:15.307Z"}
{"level":"info","message":"GET /api/products","timestamp":"2026-04-14T17:13:15.319Z"}
{"level":"info","message":"GET /uploads/product-1773512217550","timestamp":"2026-04-14T17:13:15.372Z"}
{"level":"info","message":"GET /uploads/product-1774452235174.webp","timestamp":"2026-04-14T17:13:15.377Z"}
{"level":"info","message":"GET /uploads/product-1773839681984.png","timestamp":"2026-04-14T17:13:15.388Z"}
{"level":"info","message":"GET /favicon.ico","timestamp":"2026-04-14T17:13:51.397Z"}
{"level":"info","message":" Server running on port 5000 in development mode","timestamp":"2026-04-14T17:17:50.397Z"}
{"level":"info","message":" MongoDB Connected","timestamp":"2026-04-14T17:17:51.316Z"}
{"level":"info","message":" Server running on port 5000 in development mode","timestamp":"2026-04-14T17:24:17.589Z"}
{"level":"info","message":" MongoDB Connected","timestamp":"2026-04-14T17:24:18.587Z"}
{"level":"info","message":"🚀 Server running on port 5000 in development mode","timestamp":"2026-04-15T07:39:19.272Z"}
{"level":"info","message":"✅ MongoDB Connected","timestamp":"2026-04-15T07:39:21.260Z"}
{"level":"info","message":"GET /api/users/profile","timestamp":"2026-04-15T07:39:41.454Z"}
{"level":"info","message":"GET /api/cart","timestamp":"2026-04-15T07:39:41.481Z"}
{"level":"info","message":"GET /api/users/profile","timestamp":"2026-04-15T07:39:41.595Z"}
{"level":"info","message":"GET /api/cart","timestamp":"2026-04-15T07:39:41.642Z"}
{"level":"info","message":"GET /favicon.ico","timestamp":"2026-04-15T07:39:41.911Z"}
{"level":"info","message":"GET /api/products","timestamp":"2026-04-15T07:39:43.097Z"}
{"level":"info","message":"GET /api/shops","timestamp":"2026-04-15T07:39:43.106Z"}
{"level":"info","message":"GET /api/products","timestamp":"2026-04-15T07:39:43.222Z"}
{"level":"info","message":"GET /api/shops","timestamp":"2026-04-15T07:39:43.236Z"}
{"level":"info","message":"GET /api/orders/my-orders","timestamp":"2026-04-15T07:39:44.820Z"}
{"level":"info","message":"GET /api/orders/my-orders","timestamp":"2026-04-15T07:39:44.989Z"}
{"level":"info","message":"GET /api/orders/my-orders","timestamp":"2026-04-15T07:40:20.041Z"}
{"level":"info","message":"GET /api/users/profile","timestamp":"2026-04-15T07:40:20.048Z"}
{"level":"info","message":"GET /api/cart","timestamp":"2026-04-15T07:40:20.052Z"}
{"level":"info","message":"GET /api/users/profile","timestamp":"2026-04-15T07:40:20.127Z"}
{"level":"info","message":"GET /api/cart","timestamp":"2026-04-15T07:40:20.141Z"}
{"level":"info","message":"GET /api/orders/my-orders","timestamp":"2026-04-15T07:40:20.178Z"}
{"level":"info","message":"GET /api/orders/my-orders","timestamp":"2026-04-15T07:44:35.234Z"}
{"level":"info","message":"GET /api/users/profile","timestamp":"2026-04-15T07:52:11.625Z"}
{"level":"info","message":"GET /api/cart","timestamp":"2026-04-15T07:52:11.627Z"}
{"level":"info","message":"GET /api/users/profile","timestamp":"2026-04-15T07:52:11.721Z"}
{"level":"info","message":"GET /api/cart","timestamp":"2026-04-15T07:52:11.739Z"}
{"level":"info","message":"GET /api/products","timestamp":"2026-04-15T07:52:13.147Z"}
{"level":"info","message":"GET /api/shops","timestamp":"2026-04-15T07:52:13.150Z"}
{"level":"info","message":"GET /api/products","timestamp":"2026-04-15T07:52:13.333Z"}
{"level":"info","message":"GET /api/shops","timestamp":"2026-04-15T07:52:13.336Z"}
{"level":"info","message":"GET /api/orders/my-orders","timestamp":"2026-04-15T07:52:14.821Z"}
{"level":"info","message":"GET /api/orders/my-orders","timestamp":"2026-04-15T07:52:15.252Z"}
{"level":"info","message":"GET /api/products","timestamp":"2026-04-15T07:52:27.117Z"}
{"level":"info","message":"GET /api/shops","timestamp":"2026-04-15T07:52:27.125Z"}
{"level":"info","message":"GET /api/products","timestamp":"2026-04-15T07:52:27.207Z"}
{"level":"info","message":"GET /api/shops","timestamp":"2026-04-15T07:52:27.214Z"}
{"level":"info","message":"GET /api/users/profile","timestamp":"2026-04-15T07:53:04.289Z"}
{"level":"info","message":"GET /api/cart","timestamp":"2026-04-15T07:53:04.292Z"}
{"level":"info","message":"GET /api/users/profile","timestamp":"2026-04-15T07:53:04.368Z"}
{"level":"info","message":"GET /api/cart","timestamp":"2026-04-15T07:53:04.376Z"}
{"level":"info","message":"GET /api/products","timestamp":"2026-04-15T07:53:12.609Z"}
{"level":"info","message":"GET /api/shops","timestamp":"2026-04-15T07:53:12.612Z"}
{"level":"info","message":"GET /api/products","timestamp":"2026-04-15T07:53:12.705Z"}
{"level":"info","message":"GET /api/shops","timestamp":"2026-04-15T07:53:12.712Z"}
{"level":"info","message":"POST /api/cart","timestamp":"2026-04-15T07:53:26.522Z"}
{"level":"info","message":"DELETE /api/cart","timestamp":"2026-04-15T07:53:38.510Z"}
